2020-09-28 07:38:06,071 : ERROR : main :  : WindowsDefenderExceptionHandler :  :  : Runtime exception while checking for and adding an exception to Windows Defender.
java.nio.file.InvalidPathException: Illegal char <:> at index 3: N/A: Must be admin to view exclusions
	at sun.nio.fs.WindowsPathParser.normalize(WindowsPathParser.java:182)
	at sun.nio.fs.WindowsPathParser.parse(WindowsPathParser.java:153)
	at sun.nio.fs.WindowsPathParser.parse(WindowsPathParser.java:77)
	at sun.nio.fs.WindowsPath.parse(WindowsPath.java:94)
	at sun.nio.fs.WindowsFileSystem.getPath(WindowsFileSystem.java:255)
	at java.nio.file.Paths.get(Paths.java:84)
	at org.knime.product.rcp.startup.WindowsDefenderExceptionHandler.lambda$8(WindowsDefenderExceptionHandler.java)
	at java.util.stream.ReferencePipeline$3$1.accept(ReferencePipeline.java:193)
	at java.util.ArrayList$ArrayListSpliterator.tryAdvance(ArrayList.java:1359)
	at java.util.stream.ReferencePipeline.forEachWithCancel(ReferencePipeline.java:126)
	at java.util.stream.AbstractPipeline.copyIntoWithCancel(AbstractPipeline.java:499)
	at java.util.stream.AbstractPipeline.copyInto(AbstractPipeline.java:486)
	at java.util.stream.AbstractPipeline.wrapAndCopyInto(AbstractPipeline.java:472)
	at java.util.stream.MatchOps$MatchOp.evaluateSequential(MatchOps.java:230)
	at java.util.stream.MatchOps$MatchOp.evaluateSequential(MatchOps.java:196)
	at java.util.stream.AbstractPipeline.evaluate(AbstractPipeline.java:234)
	at java.util.stream.ReferencePipeline.anyMatch(ReferencePipeline.java:516)
	at org.knime.product.rcp.startup.WindowsDefenderExceptionHandler.isExceptionSet(WindowsDefenderExceptionHandler.java:213)
	at org.knime.product.rcp.startup.WindowsDefenderExceptionHandler.checkForAndAddExceptionToWindowsDefender(WindowsDefenderExceptionHandler.java:141)
	at org.knime.product.rcp.KNIMEApplication.start(KNIMEApplication.java:131)
	at org.eclipse.equinox.internal.app.EclipseAppHandle.run(EclipseAppHandle.java:203)
	at org.eclipse.core.runtime.internal.adaptor.EclipseAppLauncher.runApplication(EclipseAppLauncher.java:137)
	at org.eclipse.core.runtime.internal.adaptor.EclipseAppLauncher.start(EclipseAppLauncher.java:107)
	at org.eclipse.core.runtime.adaptor.EclipseStarter.run(EclipseStarter.java:401)
	at org.eclipse.core.runtime.adaptor.EclipseStarter.run(EclipseStarter.java:255)
	at sun.reflect.NativeMethodAccessorImpl.invoke0(Native Method)
	at sun.reflect.NativeMethodAccessorImpl.invoke(NativeMethodAccessorImpl.java:62)
	at sun.reflect.DelegatingMethodAccessorImpl.invoke(DelegatingMethodAccessorImpl.java:43)
	at java.lang.reflect.Method.invoke(Method.java:498)
	at org.eclipse.equinox.launcher.Main.invokeFramework(Main.java:657)
	at org.eclipse.equinox.launcher.Main.basicRun(Main.java:594)
	at org.eclipse.equinox.launcher.Main.run(Main.java:1447)
2020-09-30 08:20:12,114 : ERROR : main :  : WindowsDefenderExceptionHandler :  :  : Runtime exception while checking for and adding an exception to Windows Defender.
java.nio.file.InvalidPathException: Illegal char <:> at index 3: N/A: Must be admin to view exclusions
	at sun.nio.fs.WindowsPathParser.normalize(WindowsPathParser.java:182)
	at sun.nio.fs.WindowsPathParser.parse(WindowsPathParser.java:153)
	at sun.nio.fs.WindowsPathParser.parse(WindowsPathParser.java:77)
	at sun.nio.fs.WindowsPath.parse(WindowsPath.java:94)
	at sun.nio.fs.WindowsFileSystem.getPath(WindowsFileSystem.java:255)
	at java.nio.file.Paths.get(Paths.java:84)
	at org.knime.product.rcp.startup.WindowsDefenderExceptionHandler.lambda$8(WindowsDefenderExceptionHandler.java)
	at java.util.stream.ReferencePipeline$3$1.accept(ReferencePipeline.java:193)
	at java.util.ArrayList$ArrayListSpliterator.tryAdvance(ArrayList.java:1359)
	at java.util.stream.ReferencePipeline.forEachWithCancel(ReferencePipeline.java:126)
	at java.util.stream.AbstractPipeline.copyIntoWithCancel(AbstractPipeline.java:499)
	at java.util.stream.AbstractPipeline.copyInto(AbstractPipeline.java:486)
	at java.util.stream.AbstractPipeline.wrapAndCopyInto(AbstractPipeline.java:472)
	at java.util.stream.MatchOps$MatchOp.evaluateSequential(MatchOps.java:230)
	at java.util.stream.MatchOps$MatchOp.evaluateSequential(MatchOps.java:196)
	at java.util.stream.AbstractPipeline.evaluate(AbstractPipeline.java:234)
	at java.util.stream.ReferencePipeline.anyMatch(ReferencePipeline.java:516)
	at org.knime.product.rcp.startup.WindowsDefenderExceptionHandler.isExceptionSet(WindowsDefenderExceptionHandler.java:213)
	at org.knime.product.rcp.startup.WindowsDefenderExceptionHandler.checkForAndAddExceptionToWindowsDefender(WindowsDefenderExceptionHandler.java:141)
	at org.knime.product.rcp.KNIMEApplication.start(KNIMEApplication.java:131)
	at org.eclipse.equinox.internal.app.EclipseAppHandle.run(EclipseAppHandle.java:203)
	at org.eclipse.core.runtime.internal.adaptor.EclipseAppLauncher.runApplication(EclipseAppLauncher.java:137)
	at org.eclipse.core.runtime.internal.adaptor.EclipseAppLauncher.start(EclipseAppLauncher.java:107)
	at org.eclipse.core.runtime.adaptor.EclipseStarter.run(EclipseStarter.java:401)
	at org.eclipse.core.runtime.adaptor.EclipseStarter.run(EclipseStarter.java:255)
	at sun.reflect.NativeMethodAccessorImpl.invoke0(Native Method)
	at sun.reflect.NativeMethodAccessorImpl.invoke(NativeMethodAccessorImpl.java:62)
	at sun.reflect.DelegatingMethodAccessorImpl.invoke(DelegatingMethodAccessorImpl.java:43)
	at java.lang.reflect.Method.invoke(Method.java:498)
	at org.eclipse.equinox.launcher.Main.invokeFramework(Main.java:657)
	at org.eclipse.equinox.launcher.Main.basicRun(Main.java:594)
	at org.eclipse.equinox.launcher.Main.run(Main.java:1447)
2020-09-30 14:07:07,733 : ERROR : main :  : WorkflowImportSelectionPage :  :  : Error while trying to import workflows from F:\Users\wesco\knime-workspace
java.lang.reflect.InvocationTargetException
	at org.eclipse.jface.operation.ModalContext.run(ModalContext.java:397)
	at org.eclipse.jface.wizard.WizardDialog.run(WizardDialog.java:1033)
	at org.knime.workbench.explorer.view.actions.imports.WorkflowImportSelectionPage.collectElementsFromDir(WorkflowImportSelectionPage.java:766)
	at org.knime.workbench.explorer.view.actions.imports.WorkflowImportSelectionPage$5.widgetSelected(WorkflowImportSelectionPage.java:350)
	at org.eclipse.swt.widgets.TypedListener.handleEvent(TypedListener.java:252)
	at org.eclipse.swt.widgets.EventTable.sendEvent(EventTable.java:89)
	at org.eclipse.swt.widgets.Display.sendEvent(Display.java:4105)
	at org.eclipse.swt.widgets.Widget.sendEvent(Widget.java:1037)
	at org.eclipse.swt.widgets.Display.runDeferredEvents(Display.java:3922)
	at org.eclipse.swt.widgets.Display.readAndDispatch(Display.java:3524)
	at org.eclipse.jface.operation.ModalContext$ModalContextThread.block(ModalContext.java:166)
	at org.eclipse.jface.operation.ModalContext.run(ModalContext.java:368)
	at org.eclipse.jface.wizard.WizardDialog.run(WizardDialog.java:1033)
	at org.knime.workbench.explorer.view.actions.imports.WorkflowImportSelectionPage.collectElementsFromDir(WorkflowImportSelectionPage.java:766)
	at org.knime.workbench.explorer.view.actions.imports.WorkflowImportSelectionPage.handleDirBrowseButtonPressed(WorkflowImportSelectionPage.java:708)
	at org.knime.workbench.explorer.view.actions.imports.WorkflowImportSelectionPage.access$8(WorkflowImportSelectionPage.java:685)
	at org.knime.workbench.explorer.view.actions.imports.WorkflowImportSelectionPage$6.widgetSelected(WorkflowImportSelectionPage.java:369)
	at org.eclipse.swt.widgets.TypedListener.handleEvent(TypedListener.java:252)
	at org.eclipse.swt.widgets.EventTable.sendEvent(EventTable.java:89)
	at org.eclipse.swt.widgets.Display.sendEvent(Display.java:4105)
	at org.eclipse.swt.widgets.Widget.sendEvent(Widget.java:1037)
	at org.eclipse.swt.widgets.Display.runDeferredEvents(Display.java:3922)
	at org.eclipse.swt.widgets.Display.readAndDispatch(Display.java:3524)
	at org.eclipse.jface.window.Window.runEventLoop(Window.java:823)
	at org.eclipse.jface.window.Window.open(Window.java:799)
	at org.knime.workbench.explorer.view.actions.imports.WorkflowImportHelper.openImportWizard(WorkflowImportHelper.java:89)
	at org.knime.workbench.explorer.view.actions.imports.WorkflowImportAction.run(WorkflowImportAction.java:133)
	at org.eclipse.jface.action.Action.runWithEvent(Action.java:474)
	at org.eclipse.jface.action.ActionContributionItem.handleWidgetSelection(ActionContributionItem.java:579)
	at org.eclipse.jface.action.ActionContributionItem.lambda$4(ActionContributionItem.java:413)
	at org.eclipse.swt.widgets.EventTable.sendEvent(EventTable.java:89)
	at org.eclipse.swt.widgets.Display.sendEvent(Display.java:4105)
	at org.eclipse.swt.widgets.Widget.sendEvent(Widget.java:1037)
	at org.eclipse.swt.widgets.Display.runDeferredEvents(Display.java:3922)
	at org.eclipse.swt.widgets.Display.readAndDispatch(Display.java:3524)
	at org.eclipse.e4.ui.internal.workbench.swt.PartRenderingEngine$5.run(PartRenderingEngine.java:1160)
	at org.eclipse.core.databinding.observable.Realm.runWithDefault(Realm.java:338)
	at org.eclipse.e4.ui.internal.workbench.swt.PartRenderingEngine.run(PartRenderingEngine.java:1049)
	at org.eclipse.e4.ui.internal.workbench.E4Workbench.createAndRunUI(E4Workbench.java:155)
	at org.eclipse.ui.internal.Workbench.lambda$3(Workbench.java:658)
	at org.eclipse.core.databinding.observable.Realm.runWithDefault(Realm.java:338)
	at org.eclipse.ui.internal.Workbench.createAndRunWorkbench(Workbench.java:557)
	at org.eclipse.ui.PlatformUI.createAndRunWorkbench(PlatformUI.java:154)
	at org.knime.product.rcp.KNIMEApplication.start(KNIMEApplication.java:174)
	at org.eclipse.equinox.internal.app.EclipseAppHandle.run(EclipseAppHandle.java:203)
	at org.eclipse.core.runtime.internal.adaptor.EclipseAppLauncher.runApplication(EclipseAppLauncher.java:137)
	at org.eclipse.core.runtime.internal.adaptor.EclipseAppLauncher.start(EclipseAppLauncher.java:107)
	at org.eclipse.core.runtime.adaptor.EclipseStarter.run(EclipseStarter.java:401)
	at org.eclipse.core.runtime.adaptor.EclipseStarter.run(EclipseStarter.java:255)
	at sun.reflect.NativeMethodAccessorImpl.invoke0(Native Method)
	at sun.reflect.NativeMethodAccessorImpl.invoke(NativeMethodAccessorImpl.java:62)
	at sun.reflect.DelegatingMethodAccessorImpl.invoke(DelegatingMethodAccessorImpl.java:43)
	at java.lang.reflect.Method.invoke(Method.java:498)
	at org.eclipse.equinox.launcher.Main.invokeFramework(Main.java:657)
	at org.eclipse.equinox.launcher.Main.basicRun(Main.java:594)
	at org.eclipse.equinox.launcher.Main.run(Main.java:1447)
Caused by: java.lang.NullPointerException
	at org.knime.workbench.explorer.view.actions.imports.WorkflowImportSelectionPage.collectWorkflowsFromDir(WorkflowImportSelectionPage.java:801)
	at org.knime.workbench.explorer.view.actions.imports.WorkflowImportSelectionPage.access$14(WorkflowImportSelectionPage.java:788)
	at org.knime.workbench.explorer.view.actions.imports.WorkflowImportSelectionPage$13.run(WorkflowImportSelectionPage.java:770)
	at org.eclipse.jface.operation.ModalContext$ModalContextThread.run(ModalContext.java:122)
2020-09-30 14:07:48,261 : ERROR : main :  : WorkflowImportSelectionPage :  :  : Error while trying to import workflows from F:\Users\wesco\knime-workspace\KNIME_CONEXION_TERADATA
java.lang.reflect.InvocationTargetException
	at org.eclipse.jface.operation.ModalContext.run(ModalContext.java:397)
	at org.eclipse.jface.wizard.WizardDialog.run(WizardDialog.java:1033)
	at org.knime.workbench.explorer.view.actions.imports.WorkflowImportSelectionPage.collectElementsFromDir(WorkflowImportSelectionPage.java:766)
	at org.knime.workbench.explorer.view.actions.imports.WorkflowImportSelectionPage$5.widgetSelected(WorkflowImportSelectionPage.java:350)
	at org.eclipse.swt.widgets.TypedListener.handleEvent(TypedListener.java:252)
	at org.eclipse.swt.widgets.EventTable.sendEvent(EventTable.java:89)
	at org.eclipse.swt.widgets.Display.sendEvent(Display.java:4105)
	at org.eclipse.swt.widgets.Widget.sendEvent(Widget.java:1037)
	at org.eclipse.swt.widgets.Display.runDeferredEvents(Display.java:3922)
	at org.eclipse.swt.widgets.Display.readAndDispatch(Display.java:3524)
	at org.eclipse.jface.operation.ModalContext$ModalContextThread.block(ModalContext.java:166)
	at org.eclipse.jface.operation.ModalContext.run(ModalContext.java:368)
	at org.eclipse.jface.wizard.WizardDialog.run(WizardDialog.java:1033)
	at org.knime.workbench.explorer.view.actions.imports.WorkflowImportSelectionPage.collectElementsFromDir(WorkflowImportSelectionPage.java:766)
	at org.knime.workbench.explorer.view.actions.imports.WorkflowImportSelectionPage.handleDirBrowseButtonPressed(WorkflowImportSelectionPage.java:708)
	at org.knime.workbench.explorer.view.actions.imports.WorkflowImportSelectionPage.access$8(WorkflowImportSelectionPage.java:685)
	at org.knime.workbench.explorer.view.actions.imports.WorkflowImportSelectionPage$6.widgetSelected(WorkflowImportSelectionPage.java:369)
	at org.eclipse.swt.widgets.TypedListener.handleEvent(TypedListener.java:252)
	at org.eclipse.swt.widgets.EventTable.sendEvent(EventTable.java:89)
	at org.eclipse.swt.widgets.Display.sendEvent(Display.java:4105)
	at org.eclipse.swt.widgets.Widget.sendEvent(Widget.java:1037)
	at org.eclipse.swt.widgets.Display.runDeferredEvents(Display.java:3922)
	at org.eclipse.swt.widgets.Display.readAndDispatch(Display.java:3524)
	at org.eclipse.jface.window.Window.runEventLoop(Window.java:823)
	at org.eclipse.jface.window.Window.open(Window.java:799)
	at org.knime.workbench.explorer.view.actions.imports.WorkflowImportHelper.openImportWizard(WorkflowImportHelper.java:89)
	at org.knime.workbench.explorer.view.actions.imports.WorkflowImportAction.run(WorkflowImportAction.java:133)
	at org.eclipse.jface.action.Action.runWithEvent(Action.java:474)
	at org.eclipse.jface.action.ActionContributionItem.handleWidgetSelection(ActionContributionItem.java:579)
	at org.eclipse.jface.action.ActionContributionItem.lambda$4(ActionContributionItem.java:413)
	at org.eclipse.swt.widgets.EventTable.sendEvent(EventTable.java:89)
	at org.eclipse.swt.widgets.Display.sendEvent(Display.java:4105)
	at org.eclipse.swt.widgets.Widget.sendEvent(Widget.java:1037)
	at org.eclipse.swt.widgets.Display.runDeferredEvents(Display.java:3922)
	at org.eclipse.swt.widgets.Display.readAndDispatch(Display.java:3524)
	at org.eclipse.e4.ui.internal.workbench.swt.PartRenderingEngine$5.run(PartRenderingEngine.java:1160)
	at org.eclipse.core.databinding.observable.Realm.runWithDefault(Realm.java:338)
	at org.eclipse.e4.ui.internal.workbench.swt.PartRenderingEngine.run(PartRenderingEngine.java:1049)
	at org.eclipse.e4.ui.internal.workbench.E4Workbench.createAndRunUI(E4Workbench.java:155)
	at org.eclipse.ui.internal.Workbench.lambda$3(Workbench.java:658)
	at org.eclipse.core.databinding.observable.Realm.runWithDefault(Realm.java:338)
	at org.eclipse.ui.internal.Workbench.createAndRunWorkbench(Workbench.java:557)
	at org.eclipse.ui.PlatformUI.createAndRunWorkbench(PlatformUI.java:154)
	at org.knime.product.rcp.KNIMEApplication.start(KNIMEApplication.java:174)
	at org.eclipse.equinox.internal.app.EclipseAppHandle.run(EclipseAppHandle.java:203)
	at org.eclipse.core.runtime.internal.adaptor.EclipseAppLauncher.runApplication(EclipseAppLauncher.java:137)
	at org.eclipse.core.runtime.internal.adaptor.EclipseAppLauncher.start(EclipseAppLauncher.java:107)
	at org.eclipse.core.runtime.adaptor.EclipseStarter.run(EclipseStarter.java:401)
	at org.eclipse.core.runtime.adaptor.EclipseStarter.run(EclipseStarter.java:255)
	at sun.reflect.NativeMethodAccessorImpl.invoke0(Native Method)
	at sun.reflect.NativeMethodAccessorImpl.invoke(NativeMethodAccessorImpl.java:62)
	at sun.reflect.DelegatingMethodAccessorImpl.invoke(DelegatingMethodAccessorImpl.java:43)
	at java.lang.reflect.Method.invoke(Method.java:498)
	at org.eclipse.equinox.launcher.Main.invokeFramework(Main.java:657)
	at org.eclipse.equinox.launcher.Main.basicRun(Main.java:594)
	at org.eclipse.equinox.launcher.Main.run(Main.java:1447)
Caused by: java.lang.NullPointerException
	at org.knime.workbench.explorer.view.actions.imports.WorkflowImportSelectionPage.collectWorkflowsFromDir(WorkflowImportSelectionPage.java:801)
	at org.knime.workbench.explorer.view.actions.imports.WorkflowImportSelectionPage.access$14(WorkflowImportSelectionPage.java:788)
	at org.knime.workbench.explorer.view.actions.imports.WorkflowImportSelectionPage$13.run(WorkflowImportSelectionPage.java:770)
	at org.eclipse.jface.operation.ModalContext$ModalContextThread.run(ModalContext.java:122)
2020-09-30 14:08:18,054 : ERROR : main :  : WorkflowImportSelectionPage :  :  : Error while trying to import workflows from F:\Users\wesco\knime-workspace\KNIME_CONEXION_TERADATA
java.lang.reflect.InvocationTargetException
	at org.eclipse.jface.operation.ModalContext.run(ModalContext.java:397)
	at org.eclipse.jface.wizard.WizardDialog.run(WizardDialog.java:1033)
	at org.knime.workbench.explorer.view.actions.imports.WorkflowImportSelectionPage.collectElementsFromDir(WorkflowImportSelectionPage.java:766)
	at org.knime.workbench.explorer.view.actions.imports.WorkflowImportSelectionPage$5.widgetSelected(WorkflowImportSelectionPage.java:350)
	at org.eclipse.swt.widgets.TypedListener.handleEvent(TypedListener.java:252)
	at org.eclipse.swt.widgets.EventTable.sendEvent(EventTable.java:89)
	at org.eclipse.swt.widgets.Display.sendEvent(Display.java:4105)
	at org.eclipse.swt.widgets.Widget.sendEvent(Widget.java:1037)
	at org.eclipse.swt.widgets.Display.runDeferredEvents(Display.java:3922)
	at org.eclipse.swt.widgets.Display.readAndDispatch(Display.java:3524)
	at org.eclipse.jface.operation.ModalContext$ModalContextThread.block(ModalContext.java:166)
	at org.eclipse.jface.operation.ModalContext.run(ModalContext.java:368)
	at org.eclipse.jface.wizard.WizardDialog.run(WizardDialog.java:1033)
	at org.knime.workbench.explorer.view.actions.imports.WorkflowImportSelectionPage.collectElementsFromDir(WorkflowImportSelectionPage.java:766)
	at org.knime.workbench.explorer.view.actions.imports.WorkflowImportSelectionPage.handleDirBrowseButtonPressed(WorkflowImportSelectionPage.java:708)
	at org.knime.workbench.explorer.view.actions.imports.WorkflowImportSelectionPage.access$8(WorkflowImportSelectionPage.java:685)
	at org.knime.workbench.explorer.view.actions.imports.WorkflowImportSelectionPage$6.widgetSelected(WorkflowImportSelectionPage.java:369)
	at org.eclipse.swt.widgets.TypedListener.handleEvent(TypedListener.java:252)
	at org.eclipse.swt.widgets.EventTable.sendEvent(EventTable.java:89)
	at org.eclipse.swt.widgets.Display.sendEvent(Display.java:4105)
	at org.eclipse.swt.widgets.Widget.sendEvent(Widget.java:1037)
	at org.eclipse.swt.widgets.Display.runDeferredEvents(Display.java:3922)
	at org.eclipse.swt.widgets.Display.readAndDispatch(Display.java:3524)
	at org.eclipse.jface.window.Window.runEventLoop(Window.java:823)
	at org.eclipse.jface.window.Window.open(Window.java:799)
	at org.knime.workbench.explorer.view.actions.imports.WorkflowImportHelper.openImportWizard(WorkflowImportHelper.java:89)
	at org.knime.workbench.explorer.view.actions.imports.WorkflowImportAction.run(WorkflowImportAction.java:133)
	at org.eclipse.jface.action.Action.runWithEvent(Action.java:474)
	at org.eclipse.jface.action.ActionContributionItem.handleWidgetSelection(ActionContributionItem.java:579)
	at org.eclipse.jface.action.ActionContributionItem.lambda$4(ActionContributionItem.java:413)
	at org.eclipse.swt.widgets.EventTable.sendEvent(EventTable.java:89)
	at org.eclipse.swt.widgets.Display.sendEvent(Display.java:4105)
	at org.eclipse.swt.widgets.Widget.sendEvent(Widget.java:1037)
	at org.eclipse.swt.widgets.Display.runDeferredEvents(Display.java:3922)
	at org.eclipse.swt.widgets.Display.readAndDispatch(Display.java:3524)
	at org.eclipse.e4.ui.internal.workbench.swt.PartRenderingEngine$5.run(PartRenderingEngine.java:1160)
	at org.eclipse.core.databinding.observable.Realm.runWithDefault(Realm.java:338)
	at org.eclipse.e4.ui.internal.workbench.swt.PartRenderingEngine.run(PartRenderingEngine.java:1049)
	at org.eclipse.e4.ui.internal.workbench.E4Workbench.createAndRunUI(E4Workbench.java:155)
	at org.eclipse.ui.internal.Workbench.lambda$3(Workbench.java:658)
	at org.eclipse.core.databinding.observable.Realm.runWithDefault(Realm.java:338)
	at org.eclipse.ui.internal.Workbench.createAndRunWorkbench(Workbench.java:557)
	at org.eclipse.ui.PlatformUI.createAndRunWorkbench(PlatformUI.java:154)
	at org.knime.product.rcp.KNIMEApplication.start(KNIMEApplication.java:174)
	at org.eclipse.equinox.internal.app.EclipseAppHandle.run(EclipseAppHandle.java:203)
	at org.eclipse.core.runtime.internal.adaptor.EclipseAppLauncher.runApplication(EclipseAppLauncher.java:137)
	at org.eclipse.core.runtime.internal.adaptor.EclipseAppLauncher.start(EclipseAppLauncher.java:107)
	at org.eclipse.core.runtime.adaptor.EclipseStarter.run(EclipseStarter.java:401)
	at org.eclipse.core.runtime.adaptor.EclipseStarter.run(EclipseStarter.java:255)
	at sun.reflect.NativeMethodAccessorImpl.invoke0(Native Method)
	at sun.reflect.NativeMethodAccessorImpl.invoke(NativeMethodAccessorImpl.java:62)
	at sun.reflect.DelegatingMethodAccessorImpl.invoke(DelegatingMethodAccessorImpl.java:43)
	at java.lang.reflect.Method.invoke(Method.java:498)
	at org.eclipse.equinox.launcher.Main.invokeFramework(Main.java:657)
	at org.eclipse.equinox.launcher.Main.basicRun(Main.java:594)
	at org.eclipse.equinox.launcher.Main.run(Main.java:1447)
Caused by: java.lang.NullPointerException
	at org.knime.workbench.explorer.view.actions.imports.WorkflowImportSelectionPage.collectWorkflowsFromDir(WorkflowImportSelectionPage.java:801)
	at org.knime.workbench.explorer.view.actions.imports.WorkflowImportSelectionPage.access$14(WorkflowImportSelectionPage.java:788)
	at org.knime.workbench.explorer.view.actions.imports.WorkflowImportSelectionPage$13.run(WorkflowImportSelectionPage.java:770)
	at org.eclipse.jface.operation.ModalContext$ModalContextThread.run(ModalContext.java:122)
2020-09-30 14:08:56,184 : ERROR : main :  : WorkflowImportSelectionPage :  :  : Error while trying to import workflows from F:\Users\wesco\knime-workspace\KNIME_CONEXION_TERADATA\Database Reader _legacy_ (#2)
java.lang.reflect.InvocationTargetException
	at org.eclipse.jface.operation.ModalContext.run(ModalContext.java:397)
	at org.eclipse.jface.wizard.WizardDialog.run(WizardDialog.java:1033)
	at org.knime.workbench.explorer.view.actions.imports.WorkflowImportSelectionPage.collectElementsFromDir(WorkflowImportSelectionPage.java:766)
	at org.knime.workbench.explorer.view.actions.imports.WorkflowImportSelectionPage$5.widgetSelected(WorkflowImportSelectionPage.java:350)
	at org.eclipse.swt.widgets.TypedListener.handleEvent(TypedListener.java:252)
	at org.eclipse.swt.widgets.EventTable.sendEvent(EventTable.java:89)
	at org.eclipse.swt.widgets.Display.sendEvent(Display.java:4105)
	at org.eclipse.swt.widgets.Widget.sendEvent(Widget.java:1037)
	at org.eclipse.swt.widgets.Display.runDeferredEvents(Display.java:3922)
	at org.eclipse.swt.widgets.Display.readAndDispatch(Display.java:3524)
	at org.eclipse.jface.operation.ModalContext$ModalContextThread.block(ModalContext.java:166)
	at org.eclipse.jface.operation.ModalContext.run(ModalContext.java:368)
	at org.eclipse.jface.wizard.WizardDialog.run(WizardDialog.java:1033)
	at org.knime.workbench.explorer.view.actions.imports.WorkflowImportSelectionPage.collectElementsFromDir(WorkflowImportSelectionPage.java:766)
	at org.knime.workbench.explorer.view.actions.imports.WorkflowImportSelectionPage.handleDirBrowseButtonPressed(WorkflowImportSelectionPage.java:708)
	at org.knime.workbench.explorer.view.actions.imports.WorkflowImportSelectionPage.access$8(WorkflowImportSelectionPage.java:685)
	at org.knime.workbench.explorer.view.actions.imports.WorkflowImportSelectionPage$6.widgetSelected(WorkflowImportSelectionPage.java:369)
	at org.eclipse.swt.widgets.TypedListener.handleEvent(TypedListener.java:252)
	at org.eclipse.swt.widgets.EventTable.sendEvent(EventTable.java:89)
	at org.eclipse.swt.widgets.Display.sendEvent(Display.java:4105)
	at org.eclipse.swt.widgets.Widget.sendEvent(Widget.java:1037)
	at org.eclipse.swt.widgets.Display.runDeferredEvents(Display.java:3922)
	at org.eclipse.swt.widgets.Display.readAndDispatch(Display.java:3524)
	at org.eclipse.jface.window.Window.runEventLoop(Window.java:823)
	at org.eclipse.jface.window.Window.open(Window.java:799)
	at org.knime.workbench.explorer.view.actions.imports.WorkflowImportHelper.openImportWizard(WorkflowImportHelper.java:89)
	at org.knime.workbench.explorer.view.actions.imports.WorkflowImportAction.run(WorkflowImportAction.java:133)
	at org.eclipse.jface.action.Action.runWithEvent(Action.java:474)
	at org.eclipse.jface.action.ActionContributionItem.handleWidgetSelection(ActionContributionItem.java:579)
	at org.eclipse.jface.action.ActionContributionItem.lambda$4(ActionContributionItem.java:413)
	at org.eclipse.swt.widgets.EventTable.sendEvent(EventTable.java:89)
	at org.eclipse.swt.widgets.Display.sendEvent(Display.java:4105)
	at org.eclipse.swt.widgets.Widget.sendEvent(Widget.java:1037)
	at org.eclipse.swt.widgets.Display.runDeferredEvents(Display.java:3922)
	at org.eclipse.swt.widgets.Display.readAndDispatch(Display.java:3524)
	at org.eclipse.e4.ui.internal.workbench.swt.PartRenderingEngine$5.run(PartRenderingEngine.java:1160)
	at org.eclipse.core.databinding.observable.Realm.runWithDefault(Realm.java:338)
	at org.eclipse.e4.ui.internal.workbench.swt.PartRenderingEngine.run(PartRenderingEngine.java:1049)
	at org.eclipse.e4.ui.internal.workbench.E4Workbench.createAndRunUI(E4Workbench.java:155)
	at org.eclipse.ui.internal.Workbench.lambda$3(Workbench.java:658)
	at org.eclipse.core.databinding.observable.Realm.runWithDefault(Realm.java:338)
	at org.eclipse.ui.internal.Workbench.createAndRunWorkbench(Workbench.java:557)
	at org.eclipse.ui.PlatformUI.createAndRunWorkbench(PlatformUI.java:154)
	at org.knime.product.rcp.KNIMEApplication.start(KNIMEApplication.java:174)
	at org.eclipse.equinox.internal.app.EclipseAppHandle.run(EclipseAppHandle.java:203)
	at org.eclipse.core.runtime.internal.adaptor.EclipseAppLauncher.runApplication(EclipseAppLauncher.java:137)
	at org.eclipse.core.runtime.internal.adaptor.EclipseAppLauncher.start(EclipseAppLauncher.java:107)
	at org.eclipse.core.runtime.adaptor.EclipseStarter.run(EclipseStarter.java:401)
	at org.eclipse.core.runtime.adaptor.EclipseStarter.run(EclipseStarter.java:255)
	at sun.reflect.NativeMethodAccessorImpl.invoke0(Native Method)
	at sun.reflect.NativeMethodAccessorImpl.invoke(NativeMethodAccessorImpl.java:62)
	at sun.reflect.DelegatingMethodAccessorImpl.invoke(DelegatingMethodAccessorImpl.java:43)
	at java.lang.reflect.Method.invoke(Method.java:498)
	at org.eclipse.equinox.launcher.Main.invokeFramework(Main.java:657)
	at org.eclipse.equinox.launcher.Main.basicRun(Main.java:594)
	at org.eclipse.equinox.launcher.Main.run(Main.java:1447)
Caused by: java.lang.NullPointerException
	at org.knime.workbench.explorer.view.actions.imports.WorkflowImportSelectionPage.collectWorkflowsFromDir(WorkflowImportSelectionPage.java:801)
	at org.knime.workbench.explorer.view.actions.imports.WorkflowImportSelectionPage.access$14(WorkflowImportSelectionPage.java:788)
	at org.knime.workbench.explorer.view.actions.imports.WorkflowImportSelectionPage$13.run(WorkflowImportSelectionPage.java:770)
	at org.eclipse.jface.operation.ModalContext$ModalContextThread.run(ModalContext.java:122)
